<?xml version="1.0" encoding="UTF-8"?>
<testng-results ignored="0" total="2" passed="2" failed="0" skipped="0">
  <reporter-output>
  </reporter-output>
  <suite started-at="2024-07-08T05:13:55 IST" name="Surefire suite" finished-at="2024-07-08T05:14:32 IST" duration-ms="37468">
    <groups>
    </groups>
    <test started-at="2024-07-08T05:13:55 IST" name="Surefire test" finished-at="2024-07-08T05:14:32 IST" duration-ms="37468">
      <class name="Test.ByInsuranceTest">
        <test-method is-config="true" signature="setUp()[pri:0, instance:Test.ByInsuranceTest@d21a74c]" started-at="2024-07-08T05:13:55 IST" name="setUp" finished-at="2024-07-08T05:14:01 IST" duration-ms="6259" status="PASS">
          <reporter-output>
          </reporter-output>
        </test-method> <!-- setUp -->
        <test-method signature="Test1()[pri:1, instance:Test.ByInsuranceTest@d21a74c]" started-at="2024-07-08T05:14:01 IST" name="Test1" description="Verify that Pos website offers to buy Insurance" finished-at="2024-07-08T05:14:11 IST" duration-ms="9365" status="PASS">
          <reporter-output>
          </reporter-output>
        </test-method> <!-- Test1 -->
        <test-method is-config="true" signature="tearDown()[pri:0, instance:Test.ByInsuranceTest@d21a74c]" started-at="2024-07-08T05:14:11 IST" name="tearDown" finished-at="2024-07-08T05:14:11 IST" duration-ms="191" status="PASS">
          <reporter-output>
          </reporter-output>
        </test-method> <!-- tearDown -->
      </class> <!-- Test.ByInsuranceTest -->
      <class name="Test.eConsignmentTest">
        <test-method is-config="true" signature="setUp()[pri:0, instance:Test.eConsignmentTest@236e3f4e]" started-at="2024-07-08T05:14:11 IST" name="setUp" finished-at="2024-07-08T05:14:16 IST" duration-ms="5022" status="PASS">
          <reporter-output>
          </reporter-output>
        </test-method> <!-- setUp -->
        <test-method signature="Test2()[pri:1, instance:Test.eConsignmentTest@236e3f4e]" started-at="2024-07-08T05:14:16 IST" name="Test2" description="Verify that Pos website has links to create e-Consignment note" finished-at="2024-07-08T05:14:32 IST" duration-ms="16338" status="PASS">
          <reporter-output>
          </reporter-output>
        </test-method> <!-- Test2 -->
        <test-method is-config="true" signature="tearDown()[pri:0, instance:Test.eConsignmentTest@236e3f4e]" started-at="2024-07-08T05:14:32 IST" name="tearDown" finished-at="2024-07-08T05:14:32 IST" duration-ms="179" status="PASS">
          <reporter-output>
          </reporter-output>
        </test-method> <!-- tearDown -->
      </class> <!-- Test.eConsignmentTest -->
    </test> <!-- Surefire test -->
  </suite> <!-- Surefire suite -->
</testng-results>
